-------------------------------------------------------------------------------
Test set: API.TestRunner.ApiTestRunner
-------------------------------------------------------------------------------
Tests run: 5, Failures: 0, Errors: 5, Skipped: 0, Time elapsed: 0.868 s <<< FAILURE! - in API.TestRunner.ApiTestRunner
Delete user without app-id in Headers(Negative Testing for Delete User API)  Time elapsed: 0.132 s  <<< ERROR!
io.cucumber.junit.UndefinedStepException: 
The step 'I have an user ID "60d0fe4f5311236168a10a03"' and 4 other step(s) are undefined.
You can implement these steps using the snippet(s) below:

@Given("I have an user ID {string}")
public void i_have_an_user_id(String string) {
    // Write code here that turns the phrase above into concrete actions
    throw new io.cucumber.java.PendingException();
}
@Given("I have an app ID {string}")
public void i_have_an_app_id(String string) {
    // Write code here that turns the phrase above into concrete actions
    throw new io.cucumber.java.PendingException();
}
@When("I send a DELETE request to the user endpoint")
public void i_send_a_delete_request_to_the_user_endpoint() {
    // Write code here that turns the phrase above into concrete actions
    throw new io.cucumber.java.PendingException();
}
@Then("the response status code should be {int}")
public void the_response_status_code_should_be(Integer int1) {
    // Write code here that turns the phrase above into concrete actions
    throw new io.cucumber.java.PendingException();
}
@Then("the response body should contain {string} with value {string}")
public void the_response_body_should_contain_with_value(String string, String string2) {
    // Write code here that turns the phrase above into concrete actions
    throw new io.cucumber.java.PendingException();
}


Delete user with valid user ID and without app-id(Negative Testing for Delete User API)  Time elapsed: 0.01 s  <<< ERROR!
io.cucumber.junit.UndefinedStepException: 
The step 'I have an user ID "60d0fe4f5311236168a10a03"' and 4 other step(s) are undefined.
You can implement these steps using the snippet(s) below:

@Given("I have an user ID {string}")
public void i_have_an_user_id(String string) {
    // Write code here that turns the phrase above into concrete actions
    throw new io.cucumber.java.PendingException();
}
@Given("I have an app ID {string}")
public void i_have_an_app_id(String string) {
    // Write code here that turns the phrase above into concrete actions
    throw new io.cucumber.java.PendingException();
}
@When("I send a DELETE request to the user endpoint")
public void i_send_a_delete_request_to_the_user_endpoint() {
    // Write code here that turns the phrase above into concrete actions
    throw new io.cucumber.java.PendingException();
}
@Then("the response status code should be {int}")
public void the_response_status_code_should_be(Integer int1) {
    // Write code here that turns the phrase above into concrete actions
    throw new io.cucumber.java.PendingException();
}
@Then("the response body should contain {string} with value {string}")
public void the_response_body_should_contain_with_value(String string, String string2) {
    // Write code here that turns the phrase above into concrete actions
    throw new io.cucumber.java.PendingException();
}


Delete user with valid user ID and invalid app-id(Negative Testing for Delete User API)  Time elapsed: 0.014 s  <<< ERROR!
io.cucumber.junit.UndefinedStepException: 
The step 'I have an user ID "60d0fe4f5311236168a10a03"' and 4 other step(s) are undefined.
You can implement these steps using the snippet(s) below:

@Given("I have an user ID {string}")
public void i_have_an_user_id(String string) {
    // Write code here that turns the phrase above into concrete actions
    throw new io.cucumber.java.PendingException();
}
@Given("I have an app ID {string}")
public void i_have_an_app_id(String string) {
    // Write code here that turns the phrase above into concrete actions
    throw new io.cucumber.java.PendingException();
}
@When("I send a DELETE request to the user endpoint")
public void i_send_a_delete_request_to_the_user_endpoint() {
    // Write code here that turns the phrase above into concrete actions
    throw new io.cucumber.java.PendingException();
}
@Then("the response status code should be {int}")
public void the_response_status_code_should_be(Integer int1) {
    // Write code here that turns the phrase above into concrete actions
    throw new io.cucumber.java.PendingException();
}
@Then("the response body should contain {string} with value {string}")
public void the_response_body_should_contain_with_value(String string, String string2) {
    // Write code here that turns the phrase above into concrete actions
    throw new io.cucumber.java.PendingException();
}


Delete user with invalid user ID and invalid app-id(Negative Testing for Delete User API)  Time elapsed: 0.015 s  <<< ERROR!
io.cucumber.junit.UndefinedStepException: 
The step 'I have an user ID "60d0fe4f5311236168a109KK"' and 4 other step(s) are undefined.
You can implement these steps using the snippet(s) below:

@Given("I have an user ID {string}")
public void i_have_an_user_id(String string) {
    // Write code here that turns the phrase above into concrete actions
    throw new io.cucumber.java.PendingException();
}
@Given("I have an app ID {string}")
public void i_have_an_app_id(String string) {
    // Write code here that turns the phrase above into concrete actions
    throw new io.cucumber.java.PendingException();
}
@When("I send a DELETE request to the user endpoint")
public void i_send_a_delete_request_to_the_user_endpoint() {
    // Write code here that turns the phrase above into concrete actions
    throw new io.cucumber.java.PendingException();
}
@Then("the response status code should be {int}")
public void the_response_status_code_should_be(Integer int1) {
    // Write code here that turns the phrase above into concrete actions
    throw new io.cucumber.java.PendingException();
}
@Then("the response body should contain {string} with value {string}")
public void the_response_body_should_contain_with_value(String string, String string2) {
    // Write code here that turns the phrase above into concrete actions
    throw new io.cucumber.java.PendingException();
}


Delete user with invalid user ID and valid app-id(Negative Testing for Delete User API)  Time elapsed: 0.034 s  <<< ERROR!
io.cucumber.junit.UndefinedStepException: 
The step 'I have an user ID "60d0fe4f5311236168a109KK"' and 4 other step(s) are undefined.
You can implement these steps using the snippet(s) below:

@Given("I have an user ID {string}")
public void i_have_an_user_id(String string) {
    // Write code here that turns the phrase above into concrete actions
    throw new io.cucumber.java.PendingException();
}
@Given("I have an app ID {string}")
public void i_have_an_app_id(String string) {
    // Write code here that turns the phrase above into concrete actions
    throw new io.cucumber.java.PendingException();
}
@When("I send a DELETE request to the user endpoint")
public void i_send_a_delete_request_to_the_user_endpoint() {
    // Write code here that turns the phrase above into concrete actions
    throw new io.cucumber.java.PendingException();
}
@Then("the response status code should be {int}")
public void the_response_status_code_should_be(Integer int1) {
    // Write code here that turns the phrase above into concrete actions
    throw new io.cucumber.java.PendingException();
}
@Then("the response body should contain {string} with value {string}")
public void the_response_body_should_contain_with_value(String string, String string2) {
    // Write code here that turns the phrase above into concrete actions
    throw new io.cucumber.java.PendingException();
}


