-------------------------------------------------------------------------------
Test set: API.TestRunner.TestRunner
-------------------------------------------------------------------------------
Tests run: 5, Failures: 1, Errors: 0, Skipped: 0, Time elapsed: 4.64 s <<< FAILURE! - in API.TestRunner.TestRunner
Delete user with invalid user ID and valid app-id(Negative Testing for Delete User API)  Time elapsed: 0.364 s  <<< FAILURE!
java.lang.AssertionError: Expected status code 404 expected:<404> but was:<400>

