<?xml version="1.0" encoding="UTF-8"?>
<testsuite xmlns:xsi="http://www.w3.org/2001/XMLSchema-instance" xsi:noNamespaceSchemaLocation="https://maven.apache.org/surefire/maven-surefire-plugin/xsd/surefire-test-report.xsd" name="API.TestRunner.ApiTestRunner" time="0.868" tests="5" errors="5" skipped="0" failures="0">
  <properties>
[...]
</properties>
  <testcase name="Delete user without app-id in Headers" classname="Negative Testing for Delete User API" time="0.132">
    <error message="The step &apos;I have an user ID &quot;60d0fe4f5311236168a10a03&quot;&apos; and 4 other step(s) are undefined.&#10;You can implement these steps using the snippet(s) below:&#10;&#10;@Given(&quot;I have an user ID {string}&quot;)&#10;public void i_have_an_user_id(String string) {&#10;    // Write code here that turns the phrase above into concrete actions&#10;    throw new io.cucumber.java.PendingException();&#10;}&#10;@Given(&quot;I have an app ID {string}&quot;)&#10;public void i_have_an_app_id(String string) {&#10;    // Write code here that turns the phrase above into concrete actions&#10;    throw new io.cucumber.java.PendingException();&#10;}&#10;@When(&quot;I send a DELETE request to the user endpoint&quot;)&#10;public void i_send_a_delete_request_to_the_user_endpoint() {&#10;    // Write code here that turns the phrase above into concrete actions&#10;    throw new io.cucumber.java.PendingException();&#10;}&#10;@Then(&quot;the response status code should be {int}&quot;)&#10;public void the_response_status_code_should_be(Integer int1) {&#10;    // Write code here that turns the phrase above into concrete actions&#10;    throw new io.cucumber.java.PendingException();&#10;}&#10;@Then(&quot;the response body should contain {string} with value {string}&quot;)&#10;public void the_response_body_should_contain_with_value(String string, String string2) {&#10;    // Write code here that turns the phrase above into concrete actions&#10;    throw new io.cucumber.java.PendingException();&#10;}&#10;" type="io.cucumber.junit.UndefinedStepException">io.cucumber.junit.UndefinedStepException: 
The step 'I have an user ID "60d0fe4f5311236168a10a03"' and 4 other step(s) are undefined.
You can implement these steps using the snippet(s) below:

@Given("I have an user ID {string}")
public void i_have_an_user_id(String string) {
    // Write code here that turns the phrase above into concrete actions
    throw new io.cucumber.java.PendingException();
}
@Given("I have an app ID {string}")
public void i_have_an_app_id(String string) {
    // Write code here that turns the phrase above into concrete actions
    throw new io.cucumber.java.PendingException();
}
@When("I send a DELETE request to the user endpoint")
public void i_send_a_delete_request_to_the_user_endpoint() {
    // Write code here that turns the phrase above into concrete actions
    throw new io.cucumber.java.PendingException();
}
@Then("the response status code should be {int}")
public void the_response_status_code_should_be(Integer int1) {
    // Write code here that turns the phrase above into concrete actions
    throw new io.cucumber.java.PendingException();
}
@Then("the response body should contain {string} with value {string}")
public void the_response_body_should_contain_with_value(String string, String string2) {
    // Write code here that turns the phrase above into concrete actions
    throw new io.cucumber.java.PendingException();
}

</error>
    <system-out><![CDATA[
Scenario Outline: Delete user without app-id in Headers                    &amp#27;[90m# src/test/resources/features/API/Delete.feature:12&amp#27;[0m
  &amp#27;[33mGiven &amp#27;[0m&amp#27;[33mI have an user ID "60d0fe4f5311236168a10a03"&amp#27;[0m
  &amp#27;[36mAnd &amp#27;[0m&amp#27;[36mI have an app ID ""&amp#27;[0m
  &amp#27;[36mWhen &amp#27;[0m&amp#27;[36mI send a DELETE request to the user endpoint&amp#27;[0m
  &amp#27;[36mThen &amp#27;[0m&amp#27;[36mthe response status code should be 403&amp#27;[0m
  &amp#27;[36mAnd &amp#27;[0m&amp#27;[36mthe response body should contain "error" with value "APP_ID_MISSING"&amp#27;[0m
]]></system-out>
  </testcase>
  <testcase name="Delete user with valid user ID and without app-id" classname="Negative Testing for Delete User API" time="0.01">
    <error message="The step &apos;I have an user ID &quot;60d0fe4f5311236168a10a03&quot;&apos; and 4 other step(s) are undefined.&#10;You can implement these steps using the snippet(s) below:&#10;&#10;@Given(&quot;I have an user ID {string}&quot;)&#10;public void i_have_an_user_id(String string) {&#10;    // Write code here that turns the phrase above into concrete actions&#10;    throw new io.cucumber.java.PendingException();&#10;}&#10;@Given(&quot;I have an app ID {string}&quot;)&#10;public void i_have_an_app_id(String string) {&#10;    // Write code here that turns the phrase above into concrete actions&#10;    throw new io.cucumber.java.PendingException();&#10;}&#10;@When(&quot;I send a DELETE request to the user endpoint&quot;)&#10;public void i_send_a_delete_request_to_the_user_endpoint() {&#10;    // Write code here that turns the phrase above into concrete actions&#10;    throw new io.cucumber.java.PendingException();&#10;}&#10;@Then(&quot;the response status code should be {int}&quot;)&#10;public void the_response_status_code_should_be(Integer int1) {&#10;    // Write code here that turns the phrase above into concrete actions&#10;    throw new io.cucumber.java.PendingException();&#10;}&#10;@Then(&quot;the response body should contain {string} with value {string}&quot;)&#10;public void the_response_body_should_contain_with_value(String string, String string2) {&#10;    // Write code here that turns the phrase above into concrete actions&#10;    throw new io.cucumber.java.PendingException();&#10;}&#10;" type="io.cucumber.junit.UndefinedStepException">io.cucumber.junit.UndefinedStepException: 
The step 'I have an user ID "60d0fe4f5311236168a10a03"' and 4 other step(s) are undefined.
You can implement these steps using the snippet(s) below:

@Given("I have an user ID {string}")
public void i_have_an_user_id(String string) {
    // Write code here that turns the phrase above into concrete actions
    throw new io.cucumber.java.PendingException();
}
@Given("I have an app ID {string}")
public void i_have_an_app_id(String string) {
    // Write code here that turns the phrase above into concrete actions
    throw new io.cucumber.java.PendingException();
}
@When("I send a DELETE request to the user endpoint")
public void i_send_a_delete_request_to_the_user_endpoint() {
    // Write code here that turns the phrase above into concrete actions
    throw new io.cucumber.java.PendingException();
}
@Then("the response status code should be {int}")
public void the_response_status_code_should_be(Integer int1) {
    // Write code here that turns the phrase above into concrete actions
    throw new io.cucumber.java.PendingException();
}
@Then("the response body should contain {string} with value {string}")
public void the_response_body_should_contain_with_value(String string, String string2) {
    // Write code here that turns the phrase above into concrete actions
    throw new io.cucumber.java.PendingException();
}

</error>
    <system-out><![CDATA[
Scenario Outline: Delete user with valid user ID and without app-id        &amp#27;[90m# src/test/resources/features/API/Delete.feature:23&amp#27;[0m
  &amp#27;[33mGiven &amp#27;[0m&amp#27;[33mI have an user ID "60d0fe4f5311236168a10a03"&amp#27;[0m
  &amp#27;[36mAnd &amp#27;[0m&amp#27;[36mI have an app ID ""&amp#27;[0m
  &amp#27;[36mWhen &amp#27;[0m&amp#27;[36mI send a DELETE request to the user endpoint&amp#27;[0m
  &amp#27;[36mThen &amp#27;[0m&amp#27;[36mthe response status code should be 403&amp#27;[0m
  &amp#27;[36mAnd &amp#27;[0m&amp#27;[36mthe response body should contain "error" with value "APP_ID_MISSING"&amp#27;[0m
]]></system-out>
  </testcase>
  <testcase name="Delete user with valid user ID and invalid app-id" classname="Negative Testing for Delete User API" time="0.014">
    <error message="The step &apos;I have an user ID &quot;60d0fe4f5311236168a10a03&quot;&apos; and 4 other step(s) are undefined.&#10;You can implement these steps using the snippet(s) below:&#10;&#10;@Given(&quot;I have an user ID {string}&quot;)&#10;public void i_have_an_user_id(String string) {&#10;    // Write code here that turns the phrase above into concrete actions&#10;    throw new io.cucumber.java.PendingException();&#10;}&#10;@Given(&quot;I have an app ID {string}&quot;)&#10;public void i_have_an_app_id(String string) {&#10;    // Write code here that turns the phrase above into concrete actions&#10;    throw new io.cucumber.java.PendingException();&#10;}&#10;@When(&quot;I send a DELETE request to the user endpoint&quot;)&#10;public void i_send_a_delete_request_to_the_user_endpoint() {&#10;    // Write code here that turns the phrase above into concrete actions&#10;    throw new io.cucumber.java.PendingException();&#10;}&#10;@Then(&quot;the response status code should be {int}&quot;)&#10;public void the_response_status_code_should_be(Integer int1) {&#10;    // Write code here that turns the phrase above into concrete actions&#10;    throw new io.cucumber.java.PendingException();&#10;}&#10;@Then(&quot;the response body should contain {string} with value {string}&quot;)&#10;public void the_response_body_should_contain_with_value(String string, String string2) {&#10;    // Write code here that turns the phrase above into concrete actions&#10;    throw new io.cucumber.java.PendingException();&#10;}&#10;" type="io.cucumber.junit.UndefinedStepException">io.cucumber.junit.UndefinedStepException: 
The step 'I have an user ID "60d0fe4f5311236168a10a03"' and 4 other step(s) are undefined.
You can implement these steps using the snippet(s) below:

@Given("I have an user ID {string}")
public void i_have_an_user_id(String string) {
    // Write code here that turns the phrase above into concrete actions
    throw new io.cucumber.java.PendingException();
}
@Given("I have an app ID {string}")
public void i_have_an_app_id(String string) {
    // Write code here that turns the phrase above into concrete actions
    throw new io.cucumber.java.PendingException();
}
@When("I send a DELETE request to the user endpoint")
public void i_send_a_delete_request_to_the_user_endpoint() {
    // Write code here that turns the phrase above into concrete actions
    throw new io.cucumber.java.PendingException();
}
@Then("the response status code should be {int}")
public void the_response_status_code_should_be(Integer int1) {
    // Write code here that turns the phrase above into concrete actions
    throw new io.cucumber.java.PendingException();
}
@Then("the response body should contain {string} with value {string}")
public void the_response_body_should_contain_with_value(String string, String string2) {
    // Write code here that turns the phrase above into concrete actions
    throw new io.cucumber.java.PendingException();
}

</error>
    <system-out><![CDATA[
Scenario Outline: Delete user with valid user ID and invalid app-id          &amp#27;[90m# src/test/resources/features/API/Delete.feature:34&amp#27;[0m
  &amp#27;[33mGiven &amp#27;[0m&amp#27;[33mI have an user ID "60d0fe4f5311236168a10a03"&amp#27;[0m
  &amp#27;[36mAnd &amp#27;[0m&amp#27;[36mI have an app ID "662e2bdcbb70a769232593d7"&amp#27;[0m
  &amp#27;[36mWhen &amp#27;[0m&amp#27;[36mI send a DELETE request to the user endpoint&amp#27;[0m
  &amp#27;[36mThen &amp#27;[0m&amp#27;[36mthe response status code should be 403&amp#27;[0m
  &amp#27;[36mAnd &amp#27;[0m&amp#27;[36mthe response body should contain "error" with value "APP_ID_NOT_EXIST"&amp#27;[0m
]]></system-out>
  </testcase>
  <testcase name="Delete user with invalid user ID and invalid app-id" classname="Negative Testing for Delete User API" time="0.015">
    <error message="The step &apos;I have an user ID &quot;60d0fe4f5311236168a109KK&quot;&apos; and 4 other step(s) are undefined.&#10;You can implement these steps using the snippet(s) below:&#10;&#10;@Given(&quot;I have an user ID {string}&quot;)&#10;public void i_have_an_user_id(String string) {&#10;    // Write code here that turns the phrase above into concrete actions&#10;    throw new io.cucumber.java.PendingException();&#10;}&#10;@Given(&quot;I have an app ID {string}&quot;)&#10;public void i_have_an_app_id(String string) {&#10;    // Write code here that turns the phrase above into concrete actions&#10;    throw new io.cucumber.java.PendingException();&#10;}&#10;@When(&quot;I send a DELETE request to the user endpoint&quot;)&#10;public void i_send_a_delete_request_to_the_user_endpoint() {&#10;    // Write code here that turns the phrase above into concrete actions&#10;    throw new io.cucumber.java.PendingException();&#10;}&#10;@Then(&quot;the response status code should be {int}&quot;)&#10;public void the_response_status_code_should_be(Integer int1) {&#10;    // Write code here that turns the phrase above into concrete actions&#10;    throw new io.cucumber.java.PendingException();&#10;}&#10;@Then(&quot;the response body should contain {string} with value {string}&quot;)&#10;public void the_response_body_should_contain_with_value(String string, String string2) {&#10;    // Write code here that turns the phrase above into concrete actions&#10;    throw new io.cucumber.java.PendingException();&#10;}&#10;" type="io.cucumber.junit.UndefinedStepException">io.cucumber.junit.UndefinedStepException: 
The step 'I have an user ID "60d0fe4f5311236168a109KK"' and 4 other step(s) are undefined.
You can implement these steps using the snippet(s) below:

@Given("I have an user ID {string}")
public void i_have_an_user_id(String string) {
    // Write code here that turns the phrase above into concrete actions
    throw new io.cucumber.java.PendingException();
}
@Given("I have an app ID {string}")
public void i_have_an_app_id(String string) {
    // Write code here that turns the phrase above into concrete actions
    throw new io.cucumber.java.PendingException();
}
@When("I send a DELETE request to the user endpoint")
public void i_send_a_delete_request_to_the_user_endpoint() {
    // Write code here that turns the phrase above into concrete actions
    throw new io.cucumber.java.PendingException();
}
@Then("the response status code should be {int}")
public void the_response_status_code_should_be(Integer int1) {
    // Write code here that turns the phrase above into concrete actions
    throw new io.cucumber.java.PendingException();
}
@Then("the response body should contain {string} with value {string}")
public void the_response_body_should_contain_with_value(String string, String string2) {
    // Write code here that turns the phrase above into concrete actions
    throw new io.cucumber.java.PendingException();
}

</error>
    <system-out><![CDATA[
Scenario Outline: Delete user with invalid user ID and invalid app-id        &amp#27;[90m# src/test/resources/features/API/Delete.feature:45&amp#27;[0m
  &amp#27;[33mGiven &amp#27;[0m&amp#27;[33mI have an user ID "60d0fe4f5311236168a109KK"&amp#27;[0m
  &amp#27;[36mAnd &amp#27;[0m&amp#27;[36mI have an app ID "662e2bdcbb70a769232593d7"&amp#27;[0m
  &amp#27;[36mWhen &amp#27;[0m&amp#27;[36mI send a DELETE request to the user endpoint&amp#27;[0m
  &amp#27;[36mThen &amp#27;[0m&amp#27;[36mthe response status code should be 403&amp#27;[0m
  &amp#27;[36mAnd &amp#27;[0m&amp#27;[36mthe response body should contain "error" with value "APP_ID_NOT_EXIST"&amp#27;[0m
]]></system-out>
  </testcase>
  <testcase name="Delete user with invalid user ID and valid app-id" classname="Negative Testing for Delete User API" time="0.034">
    <error message="The step &apos;I have an user ID &quot;60d0fe4f5311236168a109KK&quot;&apos; and 4 other step(s) are undefined.&#10;You can implement these steps using the snippet(s) below:&#10;&#10;@Given(&quot;I have an user ID {string}&quot;)&#10;public void i_have_an_user_id(String string) {&#10;    // Write code here that turns the phrase above into concrete actions&#10;    throw new io.cucumber.java.PendingException();&#10;}&#10;@Given(&quot;I have an app ID {string}&quot;)&#10;public void i_have_an_app_id(String string) {&#10;    // Write code here that turns the phrase above into concrete actions&#10;    throw new io.cucumber.java.PendingException();&#10;}&#10;@When(&quot;I send a DELETE request to the user endpoint&quot;)&#10;public void i_send_a_delete_request_to_the_user_endpoint() {&#10;    // Write code here that turns the phrase above into concrete actions&#10;    throw new io.cucumber.java.PendingException();&#10;}&#10;@Then(&quot;the response status code should be {int}&quot;)&#10;public void the_response_status_code_should_be(Integer int1) {&#10;    // Write code here that turns the phrase above into concrete actions&#10;    throw new io.cucumber.java.PendingException();&#10;}&#10;@Then(&quot;the response body should contain {string} with value {string}&quot;)&#10;public void the_response_body_should_contain_with_value(String string, String string2) {&#10;    // Write code here that turns the phrase above into concrete actions&#10;    throw new io.cucumber.java.PendingException();&#10;}&#10;" type="io.cucumber.junit.UndefinedStepException">io.cucumber.junit.UndefinedStepException: 
The step 'I have an user ID "60d0fe4f5311236168a109KK"' and 4 other step(s) are undefined.
You can implement these steps using the snippet(s) below:

@Given("I have an user ID {string}")
public void i_have_an_user_id(String string) {
    // Write code here that turns the phrase above into concrete actions
    throw new io.cucumber.java.PendingException();
}
@Given("I have an app ID {string}")
public void i_have_an_app_id(String string) {
    // Write code here that turns the phrase above into concrete actions
    throw new io.cucumber.java.PendingException();
}
@When("I send a DELETE request to the user endpoint")
public void i_send_a_delete_request_to_the_user_endpoint() {
    // Write code here that turns the phrase above into concrete actions
    throw new io.cucumber.java.PendingException();
}
@Then("the response status code should be {int}")
public void the_response_status_code_should_be(Integer int1) {
    // Write code here that turns the phrase above into concrete actions
    throw new io.cucumber.java.PendingException();
}
@Then("the response body should contain {string} with value {string}")
public void the_response_body_should_contain_with_value(String string, String string2) {
    // Write code here that turns the phrase above into concrete actions
    throw new io.cucumber.java.PendingException();
}

</error>
    <system-out><![CDATA[
Scenario Outline: Delete user with invalid user ID and valid app-id            &amp#27;[90m# src/test/resources/features/API/Delete.feature:56&amp#27;[0m
  &amp#27;[33mGiven &amp#27;[0m&amp#27;[33mI have an user ID "60d0fe4f5311236168a109KK"&amp#27;[0m
  &amp#27;[36mAnd &amp#27;[0m&amp#27;[36mI have an app ID "662e2bdcbb70a769232593d6"&amp#27;[0m
  &amp#27;[36mWhen &amp#27;[0m&amp#27;[36mI send a DELETE request to the user endpoint&amp#27;[0m
  &amp#27;[36mThen &amp#27;[0m&amp#27;[36mthe response status code should be 404&amp#27;[0m
  &amp#27;[36mAnd &amp#27;[0m&amp#27;[36mthe response body should contain "error" with value "RESOURCE_NOT_FOUND"&amp#27;[0m
]]></system-out>
  </testcase>
</testsuite>