-------------------------------------------------------------------------------
Test set: TestRunner.TestRunner
-------------------------------------------------------------------------------
Tests run: 24, Failures: 9, Errors: 0, Skipped: 0, Time elapsed: 171.721 s <<< FAILURE! - in TestRunner.TestRunner
Delete user with invalid user ID and valid app-id(Negative Testing for Delete User API)  Time elapsed: 0.42 s  <<< FAILURE!
java.lang.AssertionError: Expected status code 404 expected:<404> but was:<400>

Unsuccessful login with Username and Password unregistered in the database(Login Feature)  Time elapsed: 6.819 s  <<< FAILURE!
org.junit.ComparisonFailure: expected:<[Username and password do not match any user in this service!]> but was:<[Epic sadface: Username and password do not match any user in this service]>

Unsuccessful login with password and username is empty(Login Feature)  Time elapsed: 5.817 s  <<< FAILURE!
org.junit.ComparisonFailure: expected:<[You need Username & Password!]> but was:<[Epic sadface: Username is required]>

Unsuccessful login with username is registered in the database but the password not registered in the database(Login Feature)  Time elapsed: 5.474 s  <<< FAILURE!
org.junit.ComparisonFailure: expected:<[You need Password!]> but was:<[Epic sadface: Username and password do not match any user in this service]>

Unsuccesfull login with username is registered in the database but the password is empty(Login Feature)  Time elapsed: 5.299 s  <<< FAILURE!
org.junit.ComparisonFailure: expected:<[You need Password!]> but was:<[Epic sadface: Password is required]>

Unsuccesfull login with password is registered in the database but the username not registered in the database(Login Feature)  Time elapsed: 7.529 s  <<< FAILURE!
org.junit.ComparisonFailure: expected:<[Username and password do not match any User in  this service!]> but was:<[Epic sadface: Username and password do not match any user in this service]>

Unsuccessful login with password is registered in the database but the username is empty(Login Feature)  Time elapsed: 6.92 s  <<< FAILURE!
org.junit.ComparisonFailure: expected:<[You need Username!]> but was:<[Epic sadface: Username is required]>

Unsuccesfull login with username is not registered in the database but the password is empty(Login Feature)  Time elapsed: 6.159 s  <<< FAILURE!
org.junit.ComparisonFailure: expected:<[You need Username & Password!]> but was:<[Epic sadface: Password is required]>

Unsuccessful login with password not registered in the database and the username is empty(Login Feature)  Time elapsed: 5.205 s  <<< FAILURE!
org.junit.ComparisonFailure: expected:<[You need Username & Password!]> but was:<[Epic sadface: Username is required]>

