<?xml version="1.0" encoding="UTF-8"?>
<testsuite xmlns:xsi="http://www.w3.org/2001/XMLSchema-instance" xsi:noNamespaceSchemaLocation="https://maven.apache.org/surefire/maven-surefire-plugin/xsd/surefire-test-report.xsd" name="WEB.TestRunner.TestRunnerWEB" time="234.423" tests="26" errors="0" skipped="0" failures="9">
  <properties>
[...]
</properties>
  <testcase name="Verifying empty cart page" classname="Cart Feature" time="12.982"/>
  <testcase name="Verify the cart page when clicking the Continue Shopping button" classname="Cart Feature" time="8.653"/>
  <testcase name="Verify the cart page when clicking the Checkout button with items in the cart" classname="Cart Feature" time="8.103"/>
  <testcase name="Pressing the Continue button on the Checkout: your Information page with all fields filled in using valid data" classname="Checkout Feature" time="8.23"/>
  <testcase name="Pressing the Cancel button on the Checkout: Your Information page with all fields filled" classname="Checkout Feature" time="8.932"/>
  <testcase name="Pressing the Cancel button on the Checkout: Your Information page with all fields missing" classname="Checkout Feature" time="9.172"/>
  <testcase name="Adding one product to cart when not yet adding any products" classname="Dashboard Feature" time="8.075"/>
  <testcase name="Interacting with the dashboard by clicking on a product name" classname="Dashboard Feature" time="7.979"/>
  <testcase name="Interacting with the dashboard by clicking on a product image" classname="Dashboard Feature" time="9.189"/>
  <testcase name="Successful end-to-end flow from login to logout with checkout" classname="End-to-end test from login to logout with successful checkout" time="6.119">
    <failure message="All Items menu is not displayed" type="java.lang.AssertionError">java.lang.AssertionError: All Items menu is not displayed
</failure>
    <system-out><![CDATA[
@TC0.6.1
Scenario: Successful end-to-end flow from login to logout with checkout                                                                                                                                                               &amp#27;[90m# src/test/resources/features/WEB/EndToEnd.feature:4&amp#27;[0m
  &amp#27;[32mGiven &amp#27;[0m&amp#27;[32mI launch the application and log in with username &amp#27;[0m&amp#27;[32m&amp#27;[1m"standard_user"&amp#27;[0m&amp#27;[32m and password &amp#27;[0m&amp#27;[32m&amp#27;[1m"secret_sauce"&amp#27;[0m                                                                                                                                 &amp#27;[90m# WEB.stepDefinitions.EndToEndTest.i_launch_the_application_and_log_in_with_username_and_password(java.lang.String,java.lang.String)&amp#27;[0m
  &amp#27;[32mWhen &amp#27;[0m&amp#27;[32mI select the product &amp#27;[0m&amp#27;[32m&amp#27;[1m"Sauce Labs Backpack"&amp#27;[0m&amp#27;[32m and add it to the cart&amp#27;[0m                                                                                                                                                              &amp#27;[90m# WEB.stepDefinitions.EndToEndTest.i_select_the_product_and_add_it_to_the_cart(java.lang.String)&amp#27;[0m
  &amp#27;[32mAnd &amp#27;[0m&amp#27;[32mI proceed to the checkout page&amp#27;[0m                                                                                                                                                                                                  &amp#27;[90m# WEB.stepDefinitions.EndToEndTest.i_proceed_to_the_checkout_page()&amp#27;[0m
  &amp#27;[32mAnd &amp#27;[0m&amp#27;[32mI fill out the checkout form with first name &amp#27;[0m&amp#27;[32m&amp#27;[1m"Lebron"&amp#27;[0m&amp#27;[32m, last name &amp#27;[0m&amp#27;[32m&amp#27;[1m"James"&amp#27;[0m&amp#27;[32m, and postal code &amp#27;[0m&amp#27;[32m&amp#27;[1m"40121"&amp#27;[0m                                                                                                                               &amp#27;[90m# WEB.stepDefinitions.EndToEndTest.i_fill_out_the_checkout_form_with_first_name_last_name_and_postal_code(java.lang.String,java.lang.String,java.lang.String)&amp#27;[0m
  &amp#27;[32mAnd &amp#27;[0m&amp#27;[32mI verify the checkout overview details: payment info &amp#27;[0m&amp#27;[32m&amp#27;[1m"Payment Information:"&amp#27;[0m&amp#27;[32m, sauce card &amp#27;[0m&amp#27;[32m&amp#27;[1m"SauceCard #31337"&amp#27;[0m&amp#27;[32m, shipping info &amp#27;[0m&amp#27;[32m&amp#27;[1m"Shipping Information:"&amp#27;[0m&amp#27;[32m, delivery method &amp#27;[0m&amp#27;[32m&amp#27;[1m"Free Pony Express Delivery!"&amp#27;[0m&amp#27;[32m, and total price &amp#27;[0m&amp#27;[32m&amp#27;[1m"Price Total"&amp#27;[0m &amp#27;[90m# WEB.stepDefinitions.EndToEndTest.i_verify_the_checkout_overview_details(java.lang.String,java.lang.String,java.lang.String,java.lang.String,java.lang.String)&amp#27;[0m
  &amp#27;[32mAnd &amp#27;[0m&amp#27;[32mI click the finish button to complete the order&amp#27;[0m                                                                                                                                                                                 &amp#27;[90m# WEB.stepDefinitions.EndToEndTest.i_click_the_finish_button_to_complete_the_order()&amp#27;[0m
  &amp#27;[32mAnd &amp#27;[0m&amp#27;[32mI click the back home button for back to homepage&amp#27;[0m                                                                                                                                                                               &amp#27;[90m# WEB.stepDefinitions.EndToEndTest.i_click_the_back_home_button_for_back_to_homepage()&amp#27;[0m
  &amp#27;[32mAnd &amp#27;[0m&amp#27;[32mI click on Menu icon available on the top left of the application&amp#27;[0m                                                                                                                                                               &amp#27;[90m# WEB.stepDefinitions.EndToEndTest.IclickonMenuiconavailableonthetopleftoftheapplication()&amp#27;[0m
  &amp#27;[31mAnd &amp#27;[0m&amp#27;[31mI should see a Bar containing a menus&amp#27;[0m                                                                                                                                                                                           &amp#27;[90m# WEB.stepDefinitions.EndToEndTest.iShouldSeeABarContainingAMenus()&amp#27;[0m
      &amp#27;[31mjava.lang.AssertionError: All Items menu is not displayed
	at org.junit.Assert.fail(Assert.java:88)
	at org.junit.Assert.assertTrue(Assert.java:41)
	at WEB.stepDefinitions.EndToEndTest.iShouldSeeABarContainingAMenus(EndToEndTest.java:109)
	at âœ½.I should see a Bar containing a menus(file:///D:/BER/KAIST/SEM6/PPL3/PRAKTIK/TUBES/TUBES/AutomationTesting/src/test/resources/features/WEB/EndToEnd.feature:13)
&amp#27;[0m
  &amp#27;[36mAnd &amp#27;[0m&amp#27;[36mI click the &amp#27;[0m&amp#27;[36m&amp#27;[1m"Logout"&amp#27;[0m&amp#27;[36m menu&amp#27;[0m                                                                                                                                                                                                       &amp#27;[90m# WEB.stepDefinitions.EndToEndTest.iClickTheMenu(java.lang.String)&amp#27;[0m
  &amp#27;[36mThen &amp#27;[0m&amp#27;[36mI should be redirected to the login page with username and password fields displayed&amp#27;[0m                                                                                                                                           &amp#27;[90m# WEB.stepDefinitions.EndToEndTest.i_should_be_redirected_to_the_login_page_with_username_and_password_fields_displayed()&amp#27;[0m
]]></system-out>
    <system-err><![CDATA[Starting ChromeDriver 125.0.6422.141 (4b1e83937122185343ba92e909b021f307c719ca-refs/branch-heads/6422@{#1186}) on port 52107
Only local connections are allowed.
Please see https://chromedriver.chromium.org/security-considerations for suggestions on keeping ChromeDriver safe.
ChromeDriver was started successfully.
Jun 02, 2024 4:36:37 PM org.openqa.selenium.remote.ProtocolHandshake createSession
INFO: Detected dialect: W3C
]]></system-err>
  </testcase>
  <testcase name="Successful login with password and the username is registered in the database" classname="Login Feature" time="7.867"/>
  <testcase name="Unsuccessful login with Username and Password unregistered in the database" classname="Login Feature" time="8.32">
    <failure message="expected:&lt;[Username and password do not match any user in this service!]&gt; but was:&lt;[Epic sadface: Username and password do not match any user in this service]&gt;" type="org.junit.ComparisonFailure"><![CDATA[org.junit.ComparisonFailure: expected:<[Username and password do not match any user in this service!]> but was:<[Epic sadface: Username and password do not match any user in this service]>
]]></failure>
    <system-out><![CDATA[
@TC0.0.2
Scenario: Unsuccessful login with Username and Password unregistered in the database                             &amp#27;[90m# src/test/resources/features/WEB/Login.feature:15&amp#27;[0m
  &amp#27;[32mGiven &amp#27;[0m&amp#27;[32mI have opened the application in the browser&amp#27;[0m                                                             &amp#27;[90m# WEB.stepDefinitions.LoginTest.OpenBrowser()&amp#27;[0m
  &amp#27;[32mAnd &amp#27;[0m&amp#27;[32mI have been navigated to the login page&amp#27;[0m                                                                    &amp#27;[90m# WEB.stepDefinitions.LoginTest.navigateToLoginPage()&amp#27;[0m
  &amp#27;[32mWhen &amp#27;[0m&amp#27;[32mI enter username &amp#27;[0m&amp#27;[32m&amp#27;[1m"standarduser"&amp#27;[0m&amp#27;[32m and password &amp#27;[0m&amp#27;[32m&amp#27;[1m"secretsauce"&amp#27;[0m                                                &amp#27;[90m# WEB.stepDefinitions.LoginTest.enterCredentials(java.lang.String,java.lang.String)&amp#27;[0m
  &amp#27;[32mAnd &amp#27;[0m&amp#27;[32mI click the login button&amp#27;[0m                                                                                   &amp#27;[90m# WEB.stepDefinitions.LoginTest.clickLoginButton()&amp#27;[0m
  &amp#27;[31mThen &amp#27;[0m&amp#27;[31mI should see the message &amp#27;[0m&amp#27;[31m&amp#27;[1m"Username and password do not match any user in this service!"&amp#27;[0m&amp#27;[31m on the login form&amp#27;[0m &amp#27;[90m# WEB.stepDefinitions.LoginTest.verifyErrorMessage(java.lang.String)&amp#27;[0m
      &amp#27;[31morg.junit.ComparisonFailure: expected:<[Username and password do not match any user in this service!]> but was:<[Epic sadface: Username and password do not match any user in this service]>
	at org.junit.Assert.assertEquals(Assert.java:115)
	at org.junit.Assert.assertEquals(Assert.java:144)
	at WEB.stepDefinitions.LoginTest.verifyErrorMessage(LoginTest.java:46)
	at âœ½.I should see the message "Username and password do not match any user in this service!" on the login form(file:///D:/BER/KAIST/SEM6/PPL3/PRAKTIK/TUBES/TUBES/AutomationTesting/src/test/resources/features/WEB/Login.feature:20)
&amp#27;[0m
]]></system-out>
    <system-err><![CDATA[Starting ChromeDriver 125.0.6422.141 (4b1e83937122185343ba92e909b021f307c719ca-refs/branch-heads/6422@{#1186}) on port 21827
Only local connections are allowed.
Please see https://chromedriver.chromium.org/security-considerations for suggestions on keeping ChromeDriver safe.
ChromeDriver was started successfully.
Jun 02, 2024 4:36:51 PM org.openqa.selenium.remote.ProtocolHandshake createSession
INFO: Detected dialect: W3C
Starting ChromeDriver 125.0.6422.141 (4b1e83937122185343ba92e909b021f307c719ca-refs/branch-heads/6422@{#1186}) on port 41121
Only local connections are allowed.
Please see https://chromedriver.chromium.org/security-considerations for suggestions on keeping ChromeDriver safe.
ChromeDriver was started successfully.
Jun 02, 2024 4:36:54 PM org.openqa.selenium.remote.ProtocolHandshake createSession
INFO: Detected dialect: W3C
]]></system-err>
  </testcase>
  <testcase name="Unsuccessful login with password and username is empty" classname="Login Feature" time="7.448">
    <failure message="expected:&lt;[You need Username &amp; Password!]&gt; but was:&lt;[Epic sadface: Username is required]&gt;" type="org.junit.ComparisonFailure"><![CDATA[org.junit.ComparisonFailure: expected:<[You need Username & Password!]> but was:<[Epic sadface: Username is required]>
]]></failure>
    <system-out><![CDATA[
@TC0.0.3
Scenario: Unsuccessful login with password and username is empty                  &amp#27;[90m# src/test/resources/features/WEB/Login.feature:23&amp#27;[0m
  &amp#27;[32mGiven &amp#27;[0m&amp#27;[32mI have opened the application in the browser&amp#27;[0m                              &amp#27;[90m# WEB.stepDefinitions.LoginTest.OpenBrowser()&amp#27;[0m
  &amp#27;[32mAnd &amp#27;[0m&amp#27;[32mI have been navigated to the login page&amp#27;[0m                                     &amp#27;[90m# WEB.stepDefinitions.LoginTest.navigateToLoginPage()&amp#27;[0m
  &amp#27;[32mWhen &amp#27;[0m&amp#27;[32mI enter username &amp#27;[0m&amp#27;[32m&amp#27;[1m""&amp#27;[0m&amp#27;[32m and password &amp#27;[0m&amp#27;[32m&amp#27;[1m""&amp#27;[0m                                        &amp#27;[90m# WEB.stepDefinitions.LoginTest.enterCredentials(java.lang.String,java.lang.String)&amp#27;[0m
  &amp#27;[32mAnd &amp#27;[0m&amp#27;[32mI click the login button&amp#27;[0m                                                    &amp#27;[90m# WEB.stepDefinitions.LoginTest.clickLoginButton()&amp#27;[0m
  &amp#27;[31mThen &amp#27;[0m&amp#27;[31mI should see the message &amp#27;[0m&amp#27;[31m&amp#27;[1m"You need Username & Password!"&amp#27;[0m&amp#27;[31m on the login form&amp#27;[0m &amp#27;[90m# WEB.stepDefinitions.LoginTest.verifyErrorMessage(java.lang.String)&amp#27;[0m
      &amp#27;[31morg.junit.ComparisonFailure: expected:<[You need Username & Password!]> but was:<[Epic sadface: Username is required]>
	at org.junit.Assert.assertEquals(Assert.java:115)
	at org.junit.Assert.assertEquals(Assert.java:144)
	at WEB.stepDefinitions.LoginTest.verifyErrorMessage(LoginTest.java:46)
	at âœ½.I should see the message "You need Username & Password!" on the login form(file:///D:/BER/KAIST/SEM6/PPL3/PRAKTIK/TUBES/TUBES/AutomationTesting/src/test/resources/features/WEB/Login.feature:28)
&amp#27;[0m
]]></system-out>
    <system-err><![CDATA[Starting ChromeDriver 125.0.6422.141 (4b1e83937122185343ba92e909b021f307c719ca-refs/branch-heads/6422@{#1186}) on port 53518
Only local connections are allowed.
Please see https://chromedriver.chromium.org/security-considerations for suggestions on keeping ChromeDriver safe.
ChromeDriver was started successfully.
Jun 02, 2024 4:36:58 PM org.openqa.selenium.remote.ProtocolHandshake createSession
INFO: Detected dialect: W3C
Starting ChromeDriver 125.0.6422.141 (4b1e83937122185343ba92e909b021f307c719ca-refs/branch-heads/6422@{#1186}) on port 61917
Only local connections are allowed.
Please see https://chromedriver.chromium.org/security-considerations for suggestions on keeping ChromeDriver safe.
ChromeDriver was started successfully.
Jun 02, 2024 4:37:01 PM org.openqa.selenium.remote.ProtocolHandshake createSession
INFO: Detected dialect: W3C
]]></system-err>
  </testcase>
  <testcase name="Unsuccessful login with username is registered in the database but the password not registered in the database" classname="Login Feature" time="8.33">
    <failure message="expected:&lt;[You need Password!]&gt; but was:&lt;[Epic sadface: Username and password do not match any user in this service]&gt;" type="org.junit.ComparisonFailure"><![CDATA[org.junit.ComparisonFailure: expected:<[You need Password!]> but was:<[Epic sadface: Username and password do not match any user in this service]>
]]></failure>
    <system-out><![CDATA[
@TC0.0.4
Scenario: Unsuccessful login with username is registered in the database but the password not registered in the database &amp#27;[90m# src/test/resources/features/WEB/Login.feature:31&amp#27;[0m
  &amp#27;[32mGiven &amp#27;[0m&amp#27;[32mI have opened the application in the browser&amp#27;[0m                                                                     &amp#27;[90m# WEB.stepDefinitions.LoginTest.OpenBrowser()&amp#27;[0m
  &amp#27;[32mAnd &amp#27;[0m&amp#27;[32mI have been navigated to the login page&amp#27;[0m                                                                            &amp#27;[90m# WEB.stepDefinitions.LoginTest.navigateToLoginPage()&amp#27;[0m
  &amp#27;[32mWhen &amp#27;[0m&amp#27;[32mI enter username &amp#27;[0m&amp#27;[32m&amp#27;[1m"standard_user"&amp#27;[0m&amp#27;[32m and password &amp#27;[0m&amp#27;[32m&amp#27;[1m"secretsauce"&amp#27;[0m                                                       &amp#27;[90m# WEB.stepDefinitions.LoginTest.enterCredentials(java.lang.String,java.lang.String)&amp#27;[0m
  &amp#27;[32mAnd &amp#27;[0m&amp#27;[32mI click the login button&amp#27;[0m                                                                                           &amp#27;[90m# WEB.stepDefinitions.LoginTest.clickLoginButton()&amp#27;[0m
  &amp#27;[31mThen &amp#27;[0m&amp#27;[31mI should see the message &amp#27;[0m&amp#27;[31m&amp#27;[1m"You need Password!"&amp#27;[0m&amp#27;[31m on the login form&amp#27;[0m                                                   &amp#27;[90m# WEB.stepDefinitions.LoginTest.verifyErrorMessage(java.lang.String)&amp#27;[0m
      &amp#27;[31morg.junit.ComparisonFailure: expected:<[You need Password!]> but was:<[Epic sadface: Username and password do not match any user in this service]>
	at org.junit.Assert.assertEquals(Assert.java:115)
	at org.junit.Assert.assertEquals(Assert.java:144)
	at WEB.stepDefinitions.LoginTest.verifyErrorMessage(LoginTest.java:46)
	at âœ½.I should see the message "You need Password!" on the login form(file:///D:/BER/KAIST/SEM6/PPL3/PRAKTIK/TUBES/TUBES/AutomationTesting/src/test/resources/features/WEB/Login.feature:36)
&amp#27;[0m
]]></system-out>
    <system-err><![CDATA[Starting ChromeDriver 125.0.6422.141 (4b1e83937122185343ba92e909b021f307c719ca-refs/branch-heads/6422@{#1186}) on port 14119
Only local connections are allowed.
Please see https://chromedriver.chromium.org/security-considerations for suggestions on keeping ChromeDriver safe.
ChromeDriver was started successfully.
Jun 02, 2024 4:37:06 PM org.openqa.selenium.remote.ProtocolHandshake createSession
INFO: Detected dialect: W3C
Starting ChromeDriver 125.0.6422.141 (4b1e83937122185343ba92e909b021f307c719ca-refs/branch-heads/6422@{#1186}) on port 23942
Only local connections are allowed.
Please see https://chromedriver.chromium.org/security-considerations for suggestions on keeping ChromeDriver safe.
ChromeDriver was started successfully.
Jun 02, 2024 4:37:09 PM org.openqa.selenium.remote.ProtocolHandshake createSession
INFO: Detected dialect: W3C
]]></system-err>
  </testcase>
  <testcase name="Unsuccesfull login with username is registered in the database but the password is empty" classname="Login Feature" time="8.999">
    <failure message="expected:&lt;[You need Password!]&gt; but was:&lt;[Epic sadface: Password is required]&gt;" type="org.junit.ComparisonFailure"><![CDATA[org.junit.ComparisonFailure: expected:<[You need Password!]> but was:<[Epic sadface: Password is required]>
]]></failure>
    <system-out><![CDATA[
@TC0.0.5
Scenario: Unsuccesfull login with username is registered in the database but the password is empty &amp#27;[90m# src/test/resources/features/WEB/Login.feature:39&amp#27;[0m
  &amp#27;[32mGiven &amp#27;[0m&amp#27;[32mI have opened the application in the browser&amp#27;[0m                                               &amp#27;[90m# WEB.stepDefinitions.LoginTest.OpenBrowser()&amp#27;[0m
  &amp#27;[32mAnd &amp#27;[0m&amp#27;[32mI have been navigated to the login page&amp#27;[0m                                                      &amp#27;[90m# WEB.stepDefinitions.LoginTest.navigateToLoginPage()&amp#27;[0m
  &amp#27;[32mWhen &amp#27;[0m&amp#27;[32mI enter username &amp#27;[0m&amp#27;[32m&amp#27;[1m"standard_user"&amp#27;[0m&amp#27;[32m and password &amp#27;[0m&amp#27;[32m&amp#27;[1m""&amp#27;[0m                                            &amp#27;[90m# WEB.stepDefinitions.LoginTest.enterCredentials(java.lang.String,java.lang.String)&amp#27;[0m
  &amp#27;[32mAnd &amp#27;[0m&amp#27;[32mI click the login button&amp#27;[0m                                                                     &amp#27;[90m# WEB.stepDefinitions.LoginTest.clickLoginButton()&amp#27;[0m
  &amp#27;[31mThen &amp#27;[0m&amp#27;[31mI should see the message &amp#27;[0m&amp#27;[31m&amp#27;[1m"You need Password!"&amp#27;[0m&amp#27;[31m on the login form&amp#27;[0m                             &amp#27;[90m# WEB.stepDefinitions.LoginTest.verifyErrorMessage(java.lang.String)&amp#27;[0m
      &amp#27;[31morg.junit.ComparisonFailure: expected:<[You need Password!]> but was:<[Epic sadface: Password is required]>
	at org.junit.Assert.assertEquals(Assert.java:115)
	at org.junit.Assert.assertEquals(Assert.java:144)
	at WEB.stepDefinitions.LoginTest.verifyErrorMessage(LoginTest.java:46)
	at âœ½.I should see the message "You need Password!" on the login form(file:///D:/BER/KAIST/SEM6/PPL3/PRAKTIK/TUBES/TUBES/AutomationTesting/src/test/resources/features/WEB/Login.feature:44)
&amp#27;[0m
]]></system-out>
    <system-err><![CDATA[Starting ChromeDriver 125.0.6422.141 (4b1e83937122185343ba92e909b021f307c719ca-refs/branch-heads/6422@{#1186}) on port 59910
Only local connections are allowed.
Please see https://chromedriver.chromium.org/security-considerations for suggestions on keeping ChromeDriver safe.
ChromeDriver was started successfully.
Jun 02, 2024 4:37:14 PM org.openqa.selenium.remote.ProtocolHandshake createSession
INFO: Detected dialect: W3C
Starting ChromeDriver 125.0.6422.141 (4b1e83937122185343ba92e909b021f307c719ca-refs/branch-heads/6422@{#1186}) on port 44237
Only local connections are allowed.
Please see https://chromedriver.chromium.org/security-considerations for suggestions on keeping ChromeDriver safe.
ChromeDriver was started successfully.
Jun 02, 2024 4:37:18 PM org.openqa.selenium.remote.ProtocolHandshake createSession
INFO: Detected dialect: W3C
]]></system-err>
  </testcase>
  <testcase name="Unsuccesfull login with password is registered in the database but the username not registered in the database" classname="Login Feature" time="8.101">
    <failure message="expected:&lt;[Username and password do not match any User in  this service!]&gt; but was:&lt;[Epic sadface: Username and password do not match any user in this service]&gt;" type="org.junit.ComparisonFailure"><![CDATA[org.junit.ComparisonFailure: expected:<[Username and password do not match any User in  this service!]> but was:<[Epic sadface: Username and password do not match any user in this service]>
]]></failure>
    <system-out><![CDATA[
@TC0.0.6
Scenario: Unsuccesfull login with password is registered in the database but the username not registered in the database &amp#27;[90m# src/test/resources/features/WEB/Login.feature:47&amp#27;[0m
  &amp#27;[32mGiven &amp#27;[0m&amp#27;[32mI have opened the application in the browser&amp#27;[0m                                                                     &amp#27;[90m# WEB.stepDefinitions.LoginTest.OpenBrowser()&amp#27;[0m
  &amp#27;[32mAnd &amp#27;[0m&amp#27;[32mI have been navigated to the login page&amp#27;[0m                                                                            &amp#27;[90m# WEB.stepDefinitions.LoginTest.navigateToLoginPage()&amp#27;[0m
  &amp#27;[32mWhen &amp#27;[0m&amp#27;[32mI enter username &amp#27;[0m&amp#27;[32m&amp#27;[1m"secret_sauce"&amp#27;[0m&amp#27;[32m and password &amp#27;[0m&amp#27;[32m&amp#27;[1m"secret_sauce"&amp#27;[0m                                                       &amp#27;[90m# WEB.stepDefinitions.LoginTest.enterCredentials(java.lang.String,java.lang.String)&amp#27;[0m
  &amp#27;[32mAnd &amp#27;[0m&amp#27;[32mI click the login button&amp#27;[0m                                                                                           &amp#27;[90m# WEB.stepDefinitions.LoginTest.clickLoginButton()&amp#27;[0m
  &amp#27;[31mThen &amp#27;[0m&amp#27;[31mI should see the message &amp#27;[0m&amp#27;[31m&amp#27;[1m"Username and password do not match any User in  this service!"&amp#27;[0m&amp#27;[31m on the login form&amp#27;[0m        &amp#27;[90m# WEB.stepDefinitions.LoginTest.verifyErrorMessage(java.lang.String)&amp#27;[0m
      &amp#27;[31morg.junit.ComparisonFailure: expected:<[Username and password do not match any User in  this service!]> but was:<[Epic sadface: Username and password do not match any user in this service]>
	at org.junit.Assert.assertEquals(Assert.java:115)
	at org.junit.Assert.assertEquals(Assert.java:144)
	at WEB.stepDefinitions.LoginTest.verifyErrorMessage(LoginTest.java:46)
	at âœ½.I should see the message "Username and password do not match any User in  this service!" on the login form(file:///D:/BER/KAIST/SEM6/PPL3/PRAKTIK/TUBES/TUBES/AutomationTesting/src/test/resources/features/WEB/Login.feature:52)
&amp#27;[0m
]]></system-out>
    <system-err><![CDATA[Starting ChromeDriver 125.0.6422.141 (4b1e83937122185343ba92e909b021f307c719ca-refs/branch-heads/6422@{#1186}) on port 59045
Only local connections are allowed.
Please see https://chromedriver.chromium.org/security-considerations for suggestions on keeping ChromeDriver safe.
ChromeDriver was started successfully.
Jun 02, 2024 4:37:23 PM org.openqa.selenium.remote.ProtocolHandshake createSession
INFO: Detected dialect: W3C
Starting ChromeDriver 125.0.6422.141 (4b1e83937122185343ba92e909b021f307c719ca-refs/branch-heads/6422@{#1186}) on port 29920
Only local connections are allowed.
Please see https://chromedriver.chromium.org/security-considerations for suggestions on keeping ChromeDriver safe.
ChromeDriver was started successfully.
Jun 02, 2024 4:37:27 PM org.openqa.selenium.remote.ProtocolHandshake createSession
INFO: Detected dialect: W3C
]]></system-err>
  </testcase>
  <testcase name="Unsuccessful login with password is registered in the database but the username is empty" classname="Login Feature" time="8.912">
    <failure message="expected:&lt;[You need Username!]&gt; but was:&lt;[Epic sadface: Username is required]&gt;" type="org.junit.ComparisonFailure"><![CDATA[org.junit.ComparisonFailure: expected:<[You need Username!]> but was:<[Epic sadface: Username is required]>
]]></failure>
    <system-out><![CDATA[
@TC0.0.7
Scenario: Unsuccessful login with password is registered in the database but the username is empty &amp#27;[90m# src/test/resources/features/WEB/Login.feature:55&amp#27;[0m
  &amp#27;[32mGiven &amp#27;[0m&amp#27;[32mI have opened the application in the browser&amp#27;[0m                                               &amp#27;[90m# WEB.stepDefinitions.LoginTest.OpenBrowser()&amp#27;[0m
  &amp#27;[32mAnd &amp#27;[0m&amp#27;[32mI have been navigated to the login page&amp#27;[0m                                                      &amp#27;[90m# WEB.stepDefinitions.LoginTest.navigateToLoginPage()&amp#27;[0m
  &amp#27;[32mWhen &amp#27;[0m&amp#27;[32mI enter username &amp#27;[0m&amp#27;[32m&amp#27;[1m""&amp#27;[0m&amp#27;[32m and password &amp#27;[0m&amp#27;[32m&amp#27;[1m"secret_sauce"&amp#27;[0m                                             &amp#27;[90m# WEB.stepDefinitions.LoginTest.enterCredentials(java.lang.String,java.lang.String)&amp#27;[0m
  &amp#27;[32mAnd &amp#27;[0m&amp#27;[32mI click the login button&amp#27;[0m                                                                     &amp#27;[90m# WEB.stepDefinitions.LoginTest.clickLoginButton()&amp#27;[0m
  &amp#27;[31mThen &amp#27;[0m&amp#27;[31mI should see the message &amp#27;[0m&amp#27;[31m&amp#27;[1m"You need Username!"&amp#27;[0m&amp#27;[31m on the login form&amp#27;[0m                             &amp#27;[90m# WEB.stepDefinitions.LoginTest.verifyErrorMessage(java.lang.String)&amp#27;[0m
      &amp#27;[31morg.junit.ComparisonFailure: expected:<[You need Username!]> but was:<[Epic sadface: Username is required]>
	at org.junit.Assert.assertEquals(Assert.java:115)
	at org.junit.Assert.assertEquals(Assert.java:144)
	at WEB.stepDefinitions.LoginTest.verifyErrorMessage(LoginTest.java:46)
	at âœ½.I should see the message "You need Username!" on the login form(file:///D:/BER/KAIST/SEM6/PPL3/PRAKTIK/TUBES/TUBES/AutomationTesting/src/test/resources/features/WEB/Login.feature:60)
&amp#27;[0m
]]></system-out>
    <system-err><![CDATA[Starting ChromeDriver 125.0.6422.141 (4b1e83937122185343ba92e909b021f307c719ca-refs/branch-heads/6422@{#1186}) on port 64268
Only local connections are allowed.
Please see https://chromedriver.chromium.org/security-considerations for suggestions on keeping ChromeDriver safe.
ChromeDriver was started successfully.
Jun 02, 2024 4:37:32 PM org.openqa.selenium.remote.ProtocolHandshake createSession
INFO: Detected dialect: W3C
Starting ChromeDriver 125.0.6422.141 (4b1e83937122185343ba92e909b021f307c719ca-refs/branch-heads/6422@{#1186}) on port 52967
Only local connections are allowed.
Please see https://chromedriver.chromium.org/security-considerations for suggestions on keeping ChromeDriver safe.
ChromeDriver was started successfully.
Jun 02, 2024 4:37:34 PM org.openqa.selenium.remote.ProtocolHandshake createSession
INFO: Detected dialect: W3C
]]></system-err>
  </testcase>
  <testcase name="Unsuccesfull login with username is not registered in the database but the password is empty" classname="Login Feature" time="8.6">
    <failure message="expected:&lt;[You need Username &amp; Password!]&gt; but was:&lt;[Epic sadface: Password is required]&gt;" type="org.junit.ComparisonFailure"><![CDATA[org.junit.ComparisonFailure: expected:<[You need Username & Password!]> but was:<[Epic sadface: Password is required]>
]]></failure>
    <system-out><![CDATA[
@TC0.0.8
Scenario: Unsuccesfull login with username is not registered in the database but the password is empty &amp#27;[90m# src/test/resources/features/WEB/Login.feature:63&amp#27;[0m
  &amp#27;[32mGiven &amp#27;[0m&amp#27;[32mI have opened the application in the browser&amp#27;[0m                                                   &amp#27;[90m# WEB.stepDefinitions.LoginTest.OpenBrowser()&amp#27;[0m
  &amp#27;[32mAnd &amp#27;[0m&amp#27;[32mI have been navigated to the login page&amp#27;[0m                                                          &amp#27;[90m# WEB.stepDefinitions.LoginTest.navigateToLoginPage()&amp#27;[0m
  &amp#27;[32mWhen &amp#27;[0m&amp#27;[32mI enter username &amp#27;[0m&amp#27;[32m&amp#27;[1m"standarduser"&amp#27;[0m&amp#27;[32m and password &amp#27;[0m&amp#27;[32m&amp#27;[1m""&amp#27;[0m                                                 &amp#27;[90m# WEB.stepDefinitions.LoginTest.enterCredentials(java.lang.String,java.lang.String)&amp#27;[0m
  &amp#27;[32mAnd &amp#27;[0m&amp#27;[32mI click the login button&amp#27;[0m                                                                         &amp#27;[90m# WEB.stepDefinitions.LoginTest.clickLoginButton()&amp#27;[0m
  &amp#27;[31mThen &amp#27;[0m&amp#27;[31mI should see the message &amp#27;[0m&amp#27;[31m&amp#27;[1m"You need Username & Password!"&amp#27;[0m&amp#27;[31m on the login form&amp#27;[0m                      &amp#27;[90m# WEB.stepDefinitions.LoginTest.verifyErrorMessage(java.lang.String)&amp#27;[0m
      &amp#27;[31morg.junit.ComparisonFailure: expected:<[You need Username & Password!]> but was:<[Epic sadface: Password is required]>
	at org.junit.Assert.assertEquals(Assert.java:115)
	at org.junit.Assert.assertEquals(Assert.java:144)
	at WEB.stepDefinitions.LoginTest.verifyErrorMessage(LoginTest.java:46)
	at âœ½.I should see the message "You need Username & Password!" on the login form(file:///D:/BER/KAIST/SEM6/PPL3/PRAKTIK/TUBES/TUBES/AutomationTesting/src/test/resources/features/WEB/Login.feature:68)
&amp#27;[0m
]]></system-out>
    <system-err><![CDATA[Starting ChromeDriver 125.0.6422.141 (4b1e83937122185343ba92e909b021f307c719ca-refs/branch-heads/6422@{#1186}) on port 52331
Only local connections are allowed.
Please see https://chromedriver.chromium.org/security-considerations for suggestions on keeping ChromeDriver safe.
ChromeDriver was started successfully.
Jun 02, 2024 4:37:40 PM org.openqa.selenium.remote.ProtocolHandshake createSession
INFO: Detected dialect: W3C
Starting ChromeDriver 125.0.6422.141 (4b1e83937122185343ba92e909b021f307c719ca-refs/branch-heads/6422@{#1186}) on port 33048
Only local connections are allowed.
Please see https://chromedriver.chromium.org/security-considerations for suggestions on keeping ChromeDriver safe.
ChromeDriver was started successfully.
Jun 02, 2024 4:37:43 PM org.openqa.selenium.remote.ProtocolHandshake createSession
INFO: Detected dialect: W3C
]]></system-err>
  </testcase>
  <testcase name="Unsuccessful login with password not registered in the database and the username is empty" classname="Login Feature" time="9.077">
    <failure message="expected:&lt;[You need Username &amp; Password!]&gt; but was:&lt;[Epic sadface: Username is required]&gt;" type="org.junit.ComparisonFailure"><![CDATA[org.junit.ComparisonFailure: expected:<[You need Username & Password!]> but was:<[Epic sadface: Username is required]>
]]></failure>
    <system-out><![CDATA[
@TC0.0.9
Scenario: Unsuccessful login with password not registered in the database and the username is empty &amp#27;[90m# src/test/resources/features/WEB/Login.feature:71&amp#27;[0m
  &amp#27;[32mGiven &amp#27;[0m&amp#27;[32mI have opened the application in the browser&amp#27;[0m                                                &amp#27;[90m# WEB.stepDefinitions.LoginTest.OpenBrowser()&amp#27;[0m
  &amp#27;[32mAnd &amp#27;[0m&amp#27;[32mI have been navigated to the login page&amp#27;[0m                                                       &amp#27;[90m# WEB.stepDefinitions.LoginTest.navigateToLoginPage()&amp#27;[0m
  &amp#27;[32mWhen &amp#27;[0m&amp#27;[32mI enter username &amp#27;[0m&amp#27;[32m&amp#27;[1m""&amp#27;[0m&amp#27;[32m and password &amp#27;[0m&amp#27;[32m&amp#27;[1m"secretsauce"&amp#27;[0m                                               &amp#27;[90m# WEB.stepDefinitions.LoginTest.enterCredentials(java.lang.String,java.lang.String)&amp#27;[0m
  &amp#27;[32mAnd &amp#27;[0m&amp#27;[32mI click the login button&amp#27;[0m                                                                      &amp#27;[90m# WEB.stepDefinitions.LoginTest.clickLoginButton()&amp#27;[0m
  &amp#27;[31mThen &amp#27;[0m&amp#27;[31mI should see the message &amp#27;[0m&amp#27;[31m&amp#27;[1m"You need Username & Password!"&amp#27;[0m&amp#27;[31m on the login form&amp#27;[0m                   &amp#27;[90m# WEB.stepDefinitions.LoginTest.verifyErrorMessage(java.lang.String)&amp#27;[0m
      &amp#27;[31morg.junit.ComparisonFailure: expected:<[You need Username & Password!]> but was:<[Epic sadface: Username is required]>
	at org.junit.Assert.assertEquals(Assert.java:115)
	at org.junit.Assert.assertEquals(Assert.java:144)
	at WEB.stepDefinitions.LoginTest.verifyErrorMessage(LoginTest.java:46)
	at âœ½.I should see the message "You need Username & Password!" on the login form(file:///D:/BER/KAIST/SEM6/PPL3/PRAKTIK/TUBES/TUBES/AutomationTesting/src/test/resources/features/WEB/Login.feature:76)
&amp#27;[0m
]]></system-out>
    <system-err><![CDATA[Starting ChromeDriver 125.0.6422.141 (4b1e83937122185343ba92e909b021f307c719ca-refs/branch-heads/6422@{#1186}) on port 44821
Only local connections are allowed.
Please see https://chromedriver.chromium.org/security-considerations for suggestions on keeping ChromeDriver safe.
ChromeDriver was started successfully.
Jun 02, 2024 4:37:49 PM org.openqa.selenium.remote.ProtocolHandshake createSession
INFO: Detected dialect: W3C
Starting ChromeDriver 125.0.6422.141 (4b1e83937122185343ba92e909b021f307c719ca-refs/branch-heads/6422@{#1186}) on port 61908
Only local connections are allowed.
Please see https://chromedriver.chromium.org/security-considerations for suggestions on keeping ChromeDriver safe.
ChromeDriver was started successfully.
Jun 02, 2024 4:37:52 PM org.openqa.selenium.remote.ProtocolHandshake createSession
INFO: Detected dialect: W3C
]]></system-err>
  </testcase>
  <testcase name="Successful logout" classname="Logout Feature" time="9.196"/>
  <testcase name="Navigating to All Items Menu" classname="Menu Navigation Feature" time="9.327"/>
  <testcase name="Navigating to About Menu" classname="Menu Navigation Feature" time="14.13"/>
  <testcase name="Navigating to Reset App State Menu" classname="Menu Navigation Feature" time="9.663"/>
  <testcase name="Displaying the Product Detail Page" classname="Detail Produk Features" time="9.573"/>
  <testcase name="Adding a product to the cart by pressing the Add to cart button" classname="Detail Produk Features" time="8.467"/>
  <testcase name="Removing a product from the cart by pressing the Remove button" classname="Detail Produk Features" time="10.01"/>
</testsuite>