<?xml version="1.0" encoding="UTF-8"?>
<testsuite xmlns:xsi="http://www.w3.org/2001/XMLSchema-instance" xsi:noNamespaceSchemaLocation="https://maven.apache.org/surefire/maven-surefire-plugin/xsd/surefire-test-report.xsd" name="API.TestRunner.TestRunnerAPI" time="4.779" tests="5" errors="0" skipped="0" failures="1">
  <properties>
[...]
</properties>
  <testcase name="Delete user without app-id in Headers" classname="Negative Testing for Delete User API" time="2.401"/>
  <testcase name="Delete user with valid user ID and without app-id" classname="Negative Testing for Delete User API" time="0.37"/>
  <testcase name="Delete user with valid user ID and invalid app-id" classname="Negative Testing for Delete User API" time="0.617"/>
  <testcase name="Delete user with invalid user ID and invalid app-id" classname="Negative Testing for Delete User API" time="0.407"/>
  <testcase name="Delete user with invalid user ID and valid app-id" classname="Negative Testing for Delete User API" time="0.351">
    <failure message="Expected status code 404 expected:&lt;404&gt; but was:&lt;400&gt;" type="java.lang.AssertionError"><![CDATA[java.lang.AssertionError: Expected status code 404 expected:<404> but was:<400>
]]></failure>
    <system-out><![CDATA[
Scenario Outline: Delete user with invalid user ID and valid app-id            &amp#27;[90m# src/test/resources/features/API/Delete.feature:56&amp#27;[0m
  &amp#27;[32mGiven &amp#27;[0m&amp#27;[32mI have an user ID &amp#27;[0m&amp#27;[32m&amp#27;[1m"60d0fe4f5311236168a109KK"&amp#27;[0m                           &amp#27;[90m# stepDefinitions.DeleteUserTest.i_have_an_user_id(java.lang.String)&amp#27;[0m
  &amp#27;[32mAnd &amp#27;[0m&amp#27;[32mI have an app ID &amp#27;[0m&amp#27;[32m&amp#27;[1m"662e2bdcbb70a769232593d6"&amp#27;[0m                              &amp#27;[90m# stepDefinitions.DeleteUserTest.i_have_an_app_id(java.lang.String)&amp#27;[0m
  &amp#27;[32mWhen &amp#27;[0m&amp#27;[32mI send a DELETE request to the user endpoint&amp#27;[0m                            &amp#27;[90m# stepDefinitions.DeleteUserTest.i_send_a_delete_request_to_the_user_endpoint()&amp#27;[0m
  &amp#27;[31mThen &amp#27;[0m&amp#27;[31mthe response status code should be &amp#27;[0m&amp#27;[31m&amp#27;[1m404&amp#27;[0m                                  &amp#27;[90m# stepDefinitions.DeleteUserTest.the_response_status_code_should_be(int)&amp#27;[0m
      &amp#27;[31mjava.lang.AssertionError: Expected status code 404 expected:<404> but was:<400>
	at org.junit.Assert.fail(Assert.java:88)
	at org.junit.Assert.failNotEquals(Assert.java:743)
	at org.junit.Assert.assertEquals(Assert.java:118)
	at org.junit.Assert.assertEquals(Assert.java:555)
	at stepDefinitions.DeleteUserTest.the_response_status_code_should_be(DeleteUserTest.java:39)
	at âœ½.the response status code should be 404(file:///D:/BER/KAIST/SEM6/PPL3/PRAKTIK/AutomationTesting/src/test/resources/features/API/Delete.feature:51)
&amp#27;[0m
  &amp#27;[36mAnd &amp#27;[0m&amp#27;[36mthe response body should contain &amp#27;[0m&amp#27;[36m&amp#27;[1m"error"&amp#27;[0m&amp#27;[36m with value &amp#27;[0m&amp#27;[36m&amp#27;[1m"RESOURCE_NOT_FOUND"&amp#27;[0m &amp#27;[90m# stepDefinitions.DeleteUserTest.the_response_body_should_contain_with_value(java.lang.String,java.lang.String)&amp#27;[0m
]]></system-out>
  </testcase>
</testsuite>