-------------------------------------------------------------------------------
Test set: test.java.WEB.TestRunner.TestRunner
-------------------------------------------------------------------------------
Tests run: 19, Failures: 8, Errors: 0, Skipped: 0, Time elapsed: 99.958 s <<< FAILURE! - in test.java.WEB.TestRunner.TestRunner
Unsuccessful login with Username and Password unregistered in the database(Login Feature)  Time elapsed: 5.054 s  <<< FAILURE!
org.junit.ComparisonFailure: expected:<[Username and password do not match any user in this service!]> but was:<[Epic sadface: Username and password do not match any user in this service]>

Unsuccessful login with password and username is empty(Login Feature)  Time elapsed: 4.075 s  <<< FAILURE!
org.junit.ComparisonFailure: expected:<[You need Username & Password!]> but was:<[Epic sadface: Username is required]>

Unsuccessful login with username is registered in the database but the password not registered in the database(Login Feature)  Time elapsed: 4.848 s  <<< FAILURE!
org.junit.ComparisonFailure: expected:<[You need Password!]> but was:<[Epic sadface: Username and password do not match any user in this service]>

Unsuccesfull login with username is registered in the database but the password is empty(Login Feature)  Time elapsed: 4.511 s  <<< FAILURE!
org.junit.ComparisonFailure: expected:<[You need Password!]> but was:<[Epic sadface: Password is required]>

Unsuccesfull login with password is registered in the database but the username not registered in the database(Login Feature)  Time elapsed: 4.886 s  <<< FAILURE!
org.junit.ComparisonFailure: expected:<[Username and password do not match any User in  this service!]> but was:<[Epic sadface: Username and password do not match any user in this service]>

Unsuccessful login with password is registered in the database but the username is empty(Login Feature)  Time elapsed: 5.276 s  <<< FAILURE!
org.junit.ComparisonFailure: expected:<[You need Username!]> but was:<[Epic sadface: Username is required]>

Unsuccesfull login with username is not registered in the database but the password is empty(Login Feature)  Time elapsed: 4.828 s  <<< FAILURE!
org.junit.ComparisonFailure: expected:<[You need Username & Password!]> but was:<[Epic sadface: Password is required]>

Unsuccessful login with password not registered in the database and the username is empty(Login Feature)  Time elapsed: 3.781 s  <<< FAILURE!
org.junit.ComparisonFailure: expected:<[You need Username & Password!]> but was:<[Epic sadface: Username is required]>

